<?xml version="1.0" encoding="UTF-8"?>
<!-- Generated by org.testng.reporters.JUnitXMLReporter -->
<testsuite ignored="0" hostname="SAG-8JC82X2" failures="0" tests="4" name="Test" time="89.331" errors="0" timestamp="2022-04-07T12:04:46 IST">
  <testcase classname="academy.ValidateNavBar" name="getNavBarDetail" time="0.069"/>
  <testcase classname="academy.HomePage" name="basePageNavigation" time="15.718"/>
  <testcase classname="academy.HomePage" name="basePageNavigation" time="34.25"/>
  <testcase classname="academy.ValidateTitle" name="validateTitle" time="0.076"/>
</testsuite> <!-- Test -->
